<?xml version="1.0" encoding="UTF-8"?>
<testsuites name="Study Buddy Web Test" time="293.878" tests="5" failures="1" errors="0">
   <testsuite name="Study Buddy Web Test" tests="5" failures="1" errors="0" time="293.878" skipped="0" timestamp="13-11-2024T16:32:38" hostname="Edy - kubernetes.docker.internal" id="Test Suites/Study Buddy Web Test">
      <properties>
         <property name="deviceName" value=""/>
         <property name="devicePlatform" value=""/>
         <property name="logFolder" value="C:\\Users\\Edy\\Katalon Studio\\Study Buddy Web Django\\Reports\\20241113_163214\\Study Buddy Web Test\\20241113_163214"/>
         <property name="logFiles" value="C:\\Users\\Edy\\Katalon Studio\\Study Buddy Web Django\\Reports\\20241113_163214\\Study Buddy Web Test\\20241113_163214\\execution0.log"/>
         <property name="attachments" value="C:\\Users\\Edy\\Katalon Studio\\Study Buddy Web Django\\Reports\\20241113_163214\\Study Buddy Web Test\\20241113_163214\\1731490587045.png, C:\\Users\\Edy\\Katalon Studio\\Study Buddy Web Django\\Reports\\20241113_163214\\Study Buddy Web Test\\20241113_163214\\1731490587912.png"/>
         <property name="hostName" value="Edy - kubernetes.docker.internal"/>
         <property name="os" value="Windows 11 64bit"/>
         <property name="katalonVersion" value="9.3.1.212"/>
         <property name="browser" value="Firefox 132.0"/>
         <property name="hostAddress" value="127.0.0.1"/>
         <property name="sessionId" value="0ee1aace-3395-4110-b7ca-84a1d2b3d57a"/>
         <property name="seleniumVersion" value="3.141.59"/>
         <property name="proxyInformation" value="ProxyInformation { proxyOption=NO_PROXY, proxyServerType=HTTP, username=, password=********, proxyServerAddress=, proxyServerPort=0, executionList=&quot;&quot;, isApplyToDesiredCapabilities=true }"/>
         <property name="platform" value="Windows 11"/>
      </properties>
      <testcase name="Test Cases/Login/TC0001 - Login Positive" time="64.569" classname="Test Cases/Login/TC0001 - Login Positive" status="PASSED">
         <system-out><![CDATA[13-11-2024T16:32:40 - [TEST_CASE][PASSED] - Test Cases/Login/TC0001 - Login Positive: Test Cases/Login/TC0001 - Login Positive

13-11-2024T16:32:42 - [TEST_STEP][PASSED] - openBrowser(""): Browser is opened with url: ''

13-11-2024T16:32:44 - [MESSAGE][INFO] - Starting 'Firefox' driver

13-11-2024T16:32:44 - [MESSAGE][INFO] - Action delay is set to 0 milliseconds

13-11-2024T16:33:18 - [MESSAGE][PASSED] - Browser is opened with url: ''

13-11-2024T16:33:18 - [TEST_STEP][PASSED] - navigateToUrl("http://127.0.0.1:8000/"): Navigate to 'http://127.0.0.1:8000/' successfully

13-11-2024T16:33:24 - [MESSAGE][PASSED] - Navigate to 'http://127.0.0.1:8000/' successfully

13-11-2024T16:33:25 - [TEST_STEP][PASSED] - click(findTestObject("Object Repository/Login/Page_StudyBuddy - Find study partners aroun_c50df5/Page_StudyBuddy - Find study partners aroun_c50df5/p_Login")): Object: 'Object Repository/Login/Page_StudyBuddy - Find study partners aroun_c50df5/Page_StudyBuddy - Find study partners aroun_c50df5/p_Login' is clicked on

13-11-2024T16:33:29 - [MESSAGE][PASSED] - Object: 'Object Repository/Login/Page_StudyBuddy - Find study partners aroun_c50df5/Page_StudyBuddy - Find study partners aroun_c50df5/p_Login' is clicked on

13-11-2024T16:33:29 - [TEST_STEP][PASSED] - currentUrl = getUrl(): Current window's url is: 'http://127.0.0.1:8000/login/'

13-11-2024T16:33:29 - [MESSAGE][PASSED] - Current window's url is: 'http://127.0.0.1:8000/login/'

13-11-2024T16:33:29 - [TEST_STEP][PASSED] - println("URL saat ini: " + currentUrl): null

13-11-2024T16:33:29 - [TEST_STEP][PASSED] - if (currentUrl != "http://127.0.0.1:8000/login/"): null

13-11-2024T16:33:30 - [TEST_STEP][PASSED] - else: URL sesuai dengan yang diharapkan

13-11-2024T16:33:30 - [TEST_STEP][PASSED] - markPassed("URL sesuai dengan yang diharapkan"): URL sesuai dengan yang diharapkan

13-11-2024T16:33:31 - [MESSAGE][PASSED] - URL sesuai dengan yang diharapkan

13-11-2024T16:33:32 - [TEST_STEP][PASSED] - setText(findTestObject("Object Repository/Login/Page_StudyBuddy - Find study partners aroun_c50df5/Page_StudyBuddy - Find study partners aroun_c50df5/input_Email_email"), "antmart@mail.com"): Text 'antmart@mail.com' is set on object 'Object Repository/Login/Page_StudyBuddy - Find study partners aroun_c50df5/Page_StudyBuddy - Find study partners aroun_c50df5/input_Email_email'

13-11-2024T16:33:34 - [MESSAGE][PASSED] - Text 'antmart@mail.com' is set on object 'Object Repository/Login/Page_StudyBuddy - Find study partners aroun_c50df5/Page_StudyBuddy - Find study partners aroun_c50df5/input_Email_email'

13-11-2024T16:33:34 - [TEST_STEP][PASSED] - setEncryptedText(findTestObject("Object Repository/Login/Page_StudyBuddy - Find study partners aroun_c50df5/Page_StudyBuddy - Find study partners aroun_c50df5/input_Password_password"), "N7njEIPCK84UCSsA1L+SSQ=="): Text ****** has been set on object 'Object Repository/Login/Page_StudyBuddy - Find study partners aroun_c50df5/Page_StudyBuddy - Find study partners aroun_c50df5/input_Password_password'

13-11-2024T16:33:35 - [MESSAGE][PASSED] - Text ****** has been set on object 'Object Repository/Login/Page_StudyBuddy - Find study partners aroun_c50df5/Page_StudyBuddy - Find study partners aroun_c50df5/input_Password_password'

13-11-2024T16:33:35 - [TEST_STEP][PASSED] - click(findTestObject("Object Repository/Login/Page_StudyBuddy - Find study partners aroun_c50df5/Page_StudyBuddy - Find study partners aroun_c50df5/button_lock                                _9fa546")): Object: 'Object Repository/Login/Page_StudyBuddy - Find study partners aroun_c50df5/Page_StudyBuddy - Find study partners aroun_c50df5/button_lock                                _9fa546' is clicked on

13-11-2024T16:33:43 - [MESSAGE][PASSED] - Object: 'Object Repository/Login/Page_StudyBuddy - Find study partners aroun_c50df5/Page_StudyBuddy - Find study partners aroun_c50df5/button_lock                                _9fa546' is clicked on

13-11-2024T16:33:43 - [TEST_STEP][PASSED] - verifyElementPresent(findTestObject("Login/Page_StudyBuddy - Find study partners aroun_c50df5/Page_StudyBuddy - Find study partners around the world/p_arthonymart arthonymart"), 0): Object 'Object Repository/Login/Page_StudyBuddy - Find study partners aroun_c50df5/Page_StudyBuddy - Find study partners around the world/p_arthonymart arthonymart' is present

13-11-2024T16:33:44 - [MESSAGE][WARNING] - Timeout '0' is invalid. Using default page load timeout: '30'

13-11-2024T16:33:45 - [MESSAGE][PASSED] - Object 'Object Repository/Login/Page_StudyBuddy - Find study partners aroun_c50df5/Page_StudyBuddy - Find study partners around the world/p_arthonymart arthonymart' is present]]></system-out>
         <system-err><![CDATA[]]></system-err>
      </testcase>
      <testcase name="Test Cases/Login/TC0002 - Login Failed" time="48.127" classname="Test Cases/Login/TC0002 - Login Failed" status="PASSED">
         <system-out><![CDATA[13-11-2024T16:33:45 - [TEST_CASE][PASSED] - Test Cases/Login/TC0002 - Login Failed: Test Cases/Login/TC0002 - Login Failed

13-11-2024T16:33:48 - [TEST_STEP][PASSED] - openBrowser(""): Browser is opened with url: ''

13-11-2024T16:33:48 - [MESSAGE][WARNING] - A browser is already opened. Closing browser and opening a new one

13-11-2024T16:34:01 - [MESSAGE][INFO] - Starting 'Firefox' driver

13-11-2024T16:34:02 - [MESSAGE][INFO] - Action delay is set to 0 milliseconds

13-11-2024T16:34:15 - [MESSAGE][PASSED] - Browser is opened with url: ''

13-11-2024T16:34:15 - [TEST_STEP][PASSED] - navigateToUrl("http://127.0.0.1:8000/"): Navigate to 'http://127.0.0.1:8000/' successfully

13-11-2024T16:34:22 - [MESSAGE][PASSED] - Navigate to 'http://127.0.0.1:8000/' successfully

13-11-2024T16:34:23 - [TEST_STEP][PASSED] - click(findTestObject("Object Repository/Login/Page_StudyBuddy - Find study partners aroun_c50df5/Page_StudyBuddy - Find study partners aroun_c50df5/p_Login")): Object: 'Object Repository/Login/Page_StudyBuddy - Find study partners aroun_c50df5/Page_StudyBuddy - Find study partners aroun_c50df5/p_Login' is clicked on

13-11-2024T16:34:26 - [MESSAGE][PASSED] - Object: 'Object Repository/Login/Page_StudyBuddy - Find study partners aroun_c50df5/Page_StudyBuddy - Find study partners aroun_c50df5/p_Login' is clicked on

13-11-2024T16:34:26 - [TEST_STEP][PASSED] - currentUrl = getUrl(): Current window's url is: 'http://127.0.0.1:8000/login/'

13-11-2024T16:34:26 - [MESSAGE][PASSED] - Current window's url is: 'http://127.0.0.1:8000/login/'

13-11-2024T16:34:26 - [TEST_STEP][PASSED] - println("URL saat ini: " + currentUrl): null

13-11-2024T16:34:26 - [TEST_STEP][PASSED] - if (currentUrl != "http://127.0.0.1:8000/login/"): null

13-11-2024T16:34:26 - [TEST_STEP][PASSED] - else: URL sesuai dengan yang diharapkan

13-11-2024T16:34:26 - [TEST_STEP][PASSED] - markPassed("URL sesuai dengan yang diharapkan"): URL sesuai dengan yang diharapkan

13-11-2024T16:34:26 - [MESSAGE][PASSED] - URL sesuai dengan yang diharapkan

13-11-2024T16:34:26 - [TEST_STEP][PASSED] - setText(findTestObject("Object Repository/Login/Page_StudyBuddy - Find study partners aroun_c50df5/Page_StudyBuddy - Find study partners aroun_c50df5/input_Email_email"), "antman@gmail.com"): Text 'antman@gmail.com' is set on object 'Object Repository/Login/Page_StudyBuddy - Find study partners aroun_c50df5/Page_StudyBuddy - Find study partners aroun_c50df5/input_Email_email'

13-11-2024T16:34:28 - [MESSAGE][PASSED] - Text 'antman@gmail.com' is set on object 'Object Repository/Login/Page_StudyBuddy - Find study partners aroun_c50df5/Page_StudyBuddy - Find study partners aroun_c50df5/input_Email_email'

13-11-2024T16:34:28 - [TEST_STEP][PASSED] - setEncryptedText(findTestObject("Object Repository/Login/Page_StudyBuddy - Find study partners aroun_c50df5/Page_StudyBuddy - Find study partners aroun_c50df5/input_Password_password"), "N7njEIPCK84UCSsA1L+SSQ=="): Text ****** has been set on object 'Object Repository/Login/Page_StudyBuddy - Find study partners aroun_c50df5/Page_StudyBuddy - Find study partners aroun_c50df5/input_Password_password'

13-11-2024T16:34:29 - [MESSAGE][PASSED] - Text ****** has been set on object 'Object Repository/Login/Page_StudyBuddy - Find study partners aroun_c50df5/Page_StudyBuddy - Find study partners aroun_c50df5/input_Password_password'

13-11-2024T16:34:29 - [TEST_STEP][PASSED] - click(findTestObject("Object Repository/Login/Page_StudyBuddy - Find study partners aroun_c50df5/Page_StudyBuddy - Find study partners aroun_c50df5/button_lock                                _9fa546")): Object: 'Object Repository/Login/Page_StudyBuddy - Find study partners aroun_c50df5/Page_StudyBuddy - Find study partners aroun_c50df5/button_lock                                _9fa546' is clicked on

13-11-2024T16:34:32 - [MESSAGE][PASSED] - Object: 'Object Repository/Login/Page_StudyBuddy - Find study partners aroun_c50df5/Page_StudyBuddy - Find study partners aroun_c50df5/button_lock                                _9fa546' is clicked on

13-11-2024T16:34:32 - [TEST_STEP][PASSED] - verifyElementText(findTestObject("Page_StudyBuddy - Login Fail Assert/Page_StudyBuddy - Find study partners around the world/li_User does not exist"), "User does not exist"): Actual text and expected text of test object 'Object Repository/Page_StudyBuddy - Login Fail Assert/Page_StudyBuddy - Find study partners around the world/li_User does not exist' are matched.

13-11-2024T16:34:33 - [MESSAGE][PASSED] - Actual text and expected text of test object 'Object Repository/Page_StudyBuddy - Login Fail Assert/Page_StudyBuddy - Find study partners around the world/li_User does not exist' are matched.]]></system-out>
         <system-err><![CDATA[]]></system-err>
      </testcase>
      <testcase name="Test Cases/Home Page/TC0003 - Create a Room" time="42.195" classname="Test Cases/Home Page/TC0003 - Create a Room" status="PASSED">
         <system-out><![CDATA[13-11-2024T16:34:33 - [TEST_CASE][PASSED] - Test Cases/Home Page/TC0003 - Create a Room: Test Cases/Home Page/TC0003 - Create a Room

13-11-2024T16:34:34 - [TEST_STEP][PASSED] - callTestCase(findTestCase("Login/TC0001 - Login Positive"), [:], STOP_ON_FAILURE): Call Test Case 'Test Cases/Login/TC0001 - Login Positive' successfully

13-11-2024T16:34:34 - [TEST_CASE][PASSED] - Test Cases/Login/TC0001 - Login Positive: Test Cases/Login/TC0001 - Login Positive

13-11-2024T16:34:35 - [TEST_STEP][PASSED] - openBrowser(""): Browser is opened with url: ''

13-11-2024T16:34:35 - [MESSAGE][WARNING] - A browser is already opened. Closing browser and opening a new one

13-11-2024T16:34:41 - [MESSAGE][INFO] - Starting 'Firefox' driver

13-11-2024T16:34:41 - [MESSAGE][INFO] - Action delay is set to 0 milliseconds

13-11-2024T16:34:50 - [MESSAGE][PASSED] - Browser is opened with url: ''

13-11-2024T16:34:50 - [TEST_STEP][PASSED] - navigateToUrl("http://127.0.0.1:8000/"): Navigate to 'http://127.0.0.1:8000/' successfully

13-11-2024T16:34:54 - [MESSAGE][PASSED] - Navigate to 'http://127.0.0.1:8000/' successfully

13-11-2024T16:34:54 - [TEST_STEP][PASSED] - click(findTestObject("Object Repository/Login/Page_StudyBuddy - Find study partners aroun_c50df5/Page_StudyBuddy - Find study partners aroun_c50df5/p_Login")): Object: 'Object Repository/Login/Page_StudyBuddy - Find study partners aroun_c50df5/Page_StudyBuddy - Find study partners aroun_c50df5/p_Login' is clicked on

13-11-2024T16:34:57 - [MESSAGE][PASSED] - Object: 'Object Repository/Login/Page_StudyBuddy - Find study partners aroun_c50df5/Page_StudyBuddy - Find study partners aroun_c50df5/p_Login' is clicked on

13-11-2024T16:34:57 - [TEST_STEP][PASSED] - currentUrl = getUrl(): Current window's url is: 'http://127.0.0.1:8000/login/'

13-11-2024T16:34:57 - [MESSAGE][PASSED] - Current window's url is: 'http://127.0.0.1:8000/login/'

13-11-2024T16:34:57 - [TEST_STEP][PASSED] - println("URL saat ini: " + currentUrl): null

13-11-2024T16:34:57 - [TEST_STEP][PASSED] - if (currentUrl != "http://127.0.0.1:8000/login/"): null

13-11-2024T16:34:57 - [TEST_STEP][PASSED] - else: URL sesuai dengan yang diharapkan

13-11-2024T16:34:57 - [TEST_STEP][PASSED] - markPassed("URL sesuai dengan yang diharapkan"): URL sesuai dengan yang diharapkan

13-11-2024T16:34:57 - [MESSAGE][PASSED] - URL sesuai dengan yang diharapkan

13-11-2024T16:34:57 - [TEST_STEP][PASSED] - setText(findTestObject("Object Repository/Login/Page_StudyBuddy - Find study partners aroun_c50df5/Page_StudyBuddy - Find study partners aroun_c50df5/input_Email_email"), "antmart@mail.com"): Text 'antmart@mail.com' is set on object 'Object Repository/Login/Page_StudyBuddy - Find study partners aroun_c50df5/Page_StudyBuddy - Find study partners aroun_c50df5/input_Email_email'

13-11-2024T16:35:00 - [MESSAGE][PASSED] - Text 'antmart@mail.com' is set on object 'Object Repository/Login/Page_StudyBuddy - Find study partners aroun_c50df5/Page_StudyBuddy - Find study partners aroun_c50df5/input_Email_email'

13-11-2024T16:35:00 - [TEST_STEP][PASSED] - setEncryptedText(findTestObject("Object Repository/Login/Page_StudyBuddy - Find study partners aroun_c50df5/Page_StudyBuddy - Find study partners aroun_c50df5/input_Password_password"), "N7njEIPCK84UCSsA1L+SSQ=="): Text ****** has been set on object 'Object Repository/Login/Page_StudyBuddy - Find study partners aroun_c50df5/Page_StudyBuddy - Find study partners aroun_c50df5/input_Password_password'

13-11-2024T16:35:01 - [MESSAGE][PASSED] - Text ****** has been set on object 'Object Repository/Login/Page_StudyBuddy - Find study partners aroun_c50df5/Page_StudyBuddy - Find study partners aroun_c50df5/input_Password_password'

13-11-2024T16:35:01 - [TEST_STEP][PASSED] - click(findTestObject("Object Repository/Login/Page_StudyBuddy - Find study partners aroun_c50df5/Page_StudyBuddy - Find study partners aroun_c50df5/button_lock                                _9fa546")): Object: 'Object Repository/Login/Page_StudyBuddy - Find study partners aroun_c50df5/Page_StudyBuddy - Find study partners aroun_c50df5/button_lock                                _9fa546' is clicked on

13-11-2024T16:35:05 - [MESSAGE][PASSED] - Object: 'Object Repository/Login/Page_StudyBuddy - Find study partners aroun_c50df5/Page_StudyBuddy - Find study partners aroun_c50df5/button_lock                                _9fa546' is clicked on

13-11-2024T16:35:05 - [TEST_STEP][PASSED] - verifyElementPresent(findTestObject("Login/Page_StudyBuddy - Find study partners aroun_c50df5/Page_StudyBuddy - Find study partners around the world/p_arthonymart arthonymart"), 0): Object 'Object Repository/Login/Page_StudyBuddy - Find study partners aroun_c50df5/Page_StudyBuddy - Find study partners around the world/p_arthonymart arthonymart' is present

13-11-2024T16:35:05 - [MESSAGE][WARNING] - Timeout '0' is invalid. Using default page load timeout: '30'

13-11-2024T16:35:05 - [MESSAGE][PASSED] - Object 'Object Repository/Login/Page_StudyBuddy - Find study partners aroun_c50df5/Page_StudyBuddy - Find study partners around the world/p_arthonymart arthonymart' is present

13-11-2024T16:35:06 - [MESSAGE][PASSED] - Call Test Case 'Test Cases/Login/TC0001 - Login Positive' successfully

13-11-2024T16:35:06 - [TEST_STEP][PASSED] - findWebElement(findTestObject("Room Page/Page_StudyBuddy - Find study partners around the world/a_add                                            Create Room"), 0): Found web element by test object Object Repository/Room Page/Page_StudyBuddy - Find study partners around the world/a_add                                            Create Room

13-11-2024T16:35:06 - [MESSAGE][WARNING] - Timeout '0' is invalid. Using default page load timeout: '30'

13-11-2024T16:35:06 - [MESSAGE][PASSED] - Found web element by test object Object Repository/Room Page/Page_StudyBuddy - Find study partners around the world/a_add                                            Create Room

13-11-2024T16:35:06 - [TEST_STEP][PASSED] - click(findTestObject("Room Page/Page_StudyBuddy - Find study partners around the world/a_add                                            Create Room")): Object: 'Object Repository/Room Page/Page_StudyBuddy - Find study partners around the world/a_add                                            Create Room' is clicked on

13-11-2024T16:35:07 - [MESSAGE][PASSED] - Object: 'Object Repository/Room Page/Page_StudyBuddy - Find study partners around the world/a_add                                            Create Room' is clicked on

13-11-2024T16:35:07 - [TEST_STEP][PASSED] - currentUrl = getUrl(): Current window's url is: 'http://127.0.0.1:8000/create-room/'

13-11-2024T16:35:07 - [MESSAGE][PASSED] - Current window's url is: 'http://127.0.0.1:8000/create-room/'

13-11-2024T16:35:07 - [TEST_STEP][PASSED] - println("URL saat ini: " + currentUrl): null

13-11-2024T16:35:07 - [TEST_STEP][PASSED] - if (currentUrl != "http://127.0.0.1:8000/create-room/"): null

13-11-2024T16:35:07 - [TEST_STEP][PASSED] - else: Object: 'Object Repository/Room Page/Page_StudyBuddy - Find study partners around the world/button_Submit' is clicked on

13-11-2024T16:35:07 - [TEST_STEP][PASSED] - markPassed("URL sesuai dengan yang diharapkan"): URL sesuai dengan yang diharapkan

13-11-2024T16:35:07 - [MESSAGE][PASSED] - URL sesuai dengan yang diharapkan

13-11-2024T16:35:07 - [TEST_STEP][PASSED] - setText(findTestObject("Room Page/Page_StudyBuddy - Find study partners around the world/input_Enter a Topic_topic"), "Laravel"): Text 'Laravel' is set on object 'Object Repository/Room Page/Page_StudyBuddy - Find study partners around the world/input_Enter a Topic_topic'

13-11-2024T16:35:10 - [MESSAGE][PASSED] - Text 'Laravel' is set on object 'Object Repository/Room Page/Page_StudyBuddy - Find study partners around the world/input_Enter a Topic_topic'

13-11-2024T16:35:10 - [TEST_STEP][PASSED] - setText(findTestObject("Room Page/Page_StudyBuddy - Find study partners around the world/input_Room Name_name"), "First Laravel"): Text 'First Laravel' is set on object 'Object Repository/Room Page/Page_StudyBuddy - Find study partners around the world/input_Room Name_name'

13-11-2024T16:35:12 - [MESSAGE][PASSED] - Text 'First Laravel' is set on object 'Object Repository/Room Page/Page_StudyBuddy - Find study partners around the world/input_Room Name_name'

13-11-2024T16:35:12 - [TEST_STEP][PASSED] - setText(findTestObject("Room Page/Page_StudyBuddy - Find study partners around the world/textarea_Room Description_description"), "My First Test"): Text 'My First Test' is set on object 'Object Repository/Room Page/Page_StudyBuddy - Find study partners around the world/textarea_Room Description_description'

13-11-2024T16:35:13 - [MESSAGE][PASSED] - Text 'My First Test' is set on object 'Object Repository/Room Page/Page_StudyBuddy - Find study partners around the world/textarea_Room Description_description'

13-11-2024T16:35:13 - [TEST_STEP][PASSED] - click(findTestObject("Room Page/Page_StudyBuddy - Find study partners around the world/button_Submit")): Object: 'Object Repository/Room Page/Page_StudyBuddy - Find study partners around the world/button_Submit' is clicked on

13-11-2024T16:35:14 - [MESSAGE][PASSED] - Object: 'Object Repository/Room Page/Page_StudyBuddy - Find study partners around the world/button_Submit' is clicked on

13-11-2024T16:35:14 - [TEST_STEP][PASSED] - verifyElementText(findTestObject("Room Page/Page_StudyBuddy - Find study partners around the world/a_First Laravel"), "First Laravel"): Actual text and expected text of test object 'Object Repository/Room Page/Page_StudyBuddy - Find study partners around the world/a_First Laravel' are matched.

13-11-2024T16:35:15 - [MESSAGE][PASSED] - Actual text and expected text of test object 'Object Repository/Room Page/Page_StudyBuddy - Find study partners around the world/a_First Laravel' are matched.]]></system-out>
         <system-err><![CDATA[]]></system-err>
      </testcase>
      <testcase name="Test Cases/Room Section/TC0005 - Write comment" time="72.712" classname="Test Cases/Room Section/TC0005 - Write comment" status="FAILED">
         <failure type="FAILED" message="Test Cases/Room Section/TC0005 - Write comment FAILED.&#xa;Reason:&#xa;com.kms.katalon.core.exception.StepFailedException: Unable to verify object 'Object Repository/Room Section/Page_StudyBuddy - Find study partners around the world/a_First Laravel' is visible&#xa;	at com.kms.katalon.core.webui.keyword.internal.WebUIKeywordMain.stepFailed(WebUIKeywordMain.groovy:64)&#xa;	at com.kms.katalon.core.webui.keyword.internal.WebUIKeywordMain.runKeyword(WebUIKeywordMain.groovy:26)&#xa;	at com.kms.katalon.core.webui.keyword.builtin.VerifyElementVisibleKeyword.verifyElementVisible(VerifyElementVisibleKeyword.groovy:97)&#xa;	at com.kms.katalon.core.webui.keyword.builtin.VerifyElementVisibleKeyword.execute(VerifyElementVisibleKeyword.groovy:67)&#xa;	at com.kms.katalon.core.keyword.internal.KeywordExecutor.executeKeywordForPlatform(KeywordExecutor.groovy:74)&#xa;	at com.kms.katalon.core.webui.keyword.WebUiBuiltInKeywords.verifyElementVisible(WebUiBuiltInKeywords.groovy:415)&#xa;	at TC0005 - Write comment.run(TC0005 - Write comment:23)&#xa;	at com.kms.katalon.core.main.ScriptEngine.run(ScriptEngine.java:194)&#xa;	at com.kms.katalon.core.main.ScriptEngine.runScriptAsRawText(ScriptEngine.java:119)&#xa;	at com.kms.katalon.core.main.TestCaseExecutor.runScript(TestCaseExecutor.java:448)&#xa;	at com.kms.katalon.core.main.TestCaseExecutor.doExecute(TestCaseExecutor.java:439)&#xa;	at com.kms.katalon.core.main.TestCaseExecutor.processExecutionPhase(TestCaseExecutor.java:418)&#xa;	at com.kms.katalon.core.main.TestCaseExecutor.accessMainPhase(TestCaseExecutor.java:410)&#xa;	at com.kms.katalon.core.main.TestCaseExecutor.execute(TestCaseExecutor.java:285)&#xa;	at com.kms.katalon.core.common.CommonExecutor.accessTestCaseMainPhase(CommonExecutor.java:65)&#xa;	at com.kms.katalon.core.main.TestSuiteExecutor.accessTestSuiteMainPhase(TestSuiteExecutor.java:148)&#xa;	at com.kms.katalon.core.main.TestSuiteExecutor.execute(TestSuiteExecutor.java:106)&#xa;	at com.kms.katalon.core.main.TestCaseMain.startTestSuite(TestCaseMain.java:180)&#xa;	at TempTestSuite1731490334109.run(TempTestSuite1731490334109.groovy:35)&#xa;	at java.base/jdk.internal.reflect.NativeMethodAccessorImpl.invoke0(Native Method)&#xa;	at java.base/jdk.internal.reflect.NativeMethodAccessorImpl.invoke(NativeMethodAccessorImpl.java:77)&#xa;	at java.base/jdk.internal.reflect.DelegatingMethodAccessorImpl.invoke(DelegatingMethodAccessorImpl.java:43)&#xa;Caused by: com.kms.katalon.core.exception.StepFailedException: Web element with id: 'Object Repository/Room Section/Page_StudyBuddy - Find study partners around the world/a_First Laravel' located by '//a[contains(text(),'First Laravel')]' not found&#xa;	at com.kms.katalon.core.webui.keyword.internal.WebUIKeywordMain.stepFailed(WebUIKeywordMain.groovy:64)&#xa;	at com.kms.katalon.core.webui.keyword.builtin.VerifyElementVisibleKeyword$_verifyElementVisible_closure1.doCall(VerifyElementVisibleKeyword.groovy:89)&#xa;	at com.kms.katalon.core.webui.keyword.builtin.VerifyElementVisibleKeyword$_verifyElementVisible_closure1.call(VerifyElementVisibleKeyword.groovy)&#xa;	at com.kms.katalon.core.webui.keyword.internal.WebUIKeywordMain.runKeyword(WebUIKeywordMain.groovy:20)&#xa;	... 20 more&#xa;"/>
         <system-out><![CDATA[13-11-2024T16:35:15 - [TEST_CASE][FAILED] - Test Cases/Room Section/TC0005 - Write comment: Test Cases/Room Section/TC0005 - Write comment FAILED.
Reason:
com.kms.katalon.core.exception.StepFailedException: Unable to verify object 'Object Repository/Room Section/Page_StudyBuddy - Find study partners around the world/a_First Laravel' is visible
	at com.kms.katalon.core.webui.keyword.internal.WebUIKeywordMain.stepFailed(WebUIKeywordMain.groovy:64)
	at com.kms.katalon.core.webui.keyword.internal.WebUIKeywordMain.runKeyword(WebUIKeywordMain.groovy:26)
	at com.kms.katalon.core.webui.keyword.builtin.VerifyElementVisibleKeyword.verifyElementVisible(VerifyElementVisibleKeyword.groovy:97)
	at com.kms.katalon.core.webui.keyword.builtin.VerifyElementVisibleKeyword.execute(VerifyElementVisibleKeyword.groovy:67)
	at com.kms.katalon.core.keyword.internal.KeywordExecutor.executeKeywordForPlatform(KeywordExecutor.groovy:74)
	at com.kms.katalon.core.webui.keyword.WebUiBuiltInKeywords.verifyElementVisible(WebUiBuiltInKeywords.groovy:415)
	at TC0005 - Write comment.run(TC0005 - Write comment:23)
	at com.kms.katalon.core.main.ScriptEngine.run(ScriptEngine.java:194)
	at com.kms.katalon.core.main.ScriptEngine.runScriptAsRawText(ScriptEngine.java:119)
	at com.kms.katalon.core.main.TestCaseExecutor.runScript(TestCaseExecutor.java:448)
	at com.kms.katalon.core.main.TestCaseExecutor.doExecute(TestCaseExecutor.java:439)
	at com.kms.katalon.core.main.TestCaseExecutor.processExecutionPhase(TestCaseExecutor.java:418)
	at com.kms.katalon.core.main.TestCaseExecutor.accessMainPhase(TestCaseExecutor.java:410)
	at com.kms.katalon.core.main.TestCaseExecutor.execute(TestCaseExecutor.java:285)
	at com.kms.katalon.core.common.CommonExecutor.accessTestCaseMainPhase(CommonExecutor.java:65)
	at com.kms.katalon.core.main.TestSuiteExecutor.accessTestSuiteMainPhase(TestSuiteExecutor.java:148)
	at com.kms.katalon.core.main.TestSuiteExecutor.execute(TestSuiteExecutor.java:106)
	at com.kms.katalon.core.main.TestCaseMain.startTestSuite(TestCaseMain.java:180)
	at TempTestSuite1731490334109.run(TempTestSuite1731490334109.groovy:35)
	at java.base/jdk.internal.reflect.NativeMethodAccessorImpl.invoke0(Native Method)
	at java.base/jdk.internal.reflect.NativeMethodAccessorImpl.invoke(NativeMethodAccessorImpl.java:77)
	at java.base/jdk.internal.reflect.DelegatingMethodAccessorImpl.invoke(DelegatingMethodAccessorImpl.java:43)
Caused by: com.kms.katalon.core.exception.StepFailedException: Web element with id: 'Object Repository/Room Section/Page_StudyBuddy - Find study partners around the world/a_First Laravel' located by '//a[contains(text(),'First Laravel')]' not found
	at com.kms.katalon.core.webui.keyword.internal.WebUIKeywordMain.stepFailed(WebUIKeywordMain.groovy:64)
	at com.kms.katalon.core.webui.keyword.builtin.VerifyElementVisibleKeyword$_verifyElementVisible_closure1.doCall(VerifyElementVisibleKeyword.groovy:89)
	at com.kms.katalon.core.webui.keyword.builtin.VerifyElementVisibleKeyword$_verifyElementVisible_closure1.call(VerifyElementVisibleKeyword.groovy)
	at com.kms.katalon.core.webui.keyword.internal.WebUIKeywordMain.runKeyword(WebUIKeywordMain.groovy:20)
	... 20 more


13-11-2024T16:35:17 - [TEST_STEP][PASSED] - callTestCase(findTestCase("Login/TC0001 - Login Positive"), [:], STOP_ON_FAILURE): Call Test Case 'Test Cases/Login/TC0001 - Login Positive' successfully

13-11-2024T16:35:18 - [TEST_CASE][PASSED] - Test Cases/Login/TC0001 - Login Positive: Test Cases/Login/TC0001 - Login Positive

13-11-2024T16:35:18 - [TEST_STEP][PASSED] - openBrowser(""): Browser is opened with url: ''

13-11-2024T16:35:18 - [MESSAGE][WARNING] - A browser is already opened. Closing browser and opening a new one

13-11-2024T16:35:22 - [MESSAGE][INFO] - Starting 'Firefox' driver

13-11-2024T16:35:22 - [MESSAGE][INFO] - Action delay is set to 0 milliseconds

13-11-2024T16:35:34 - [MESSAGE][PASSED] - Browser is opened with url: ''

13-11-2024T16:35:34 - [TEST_STEP][PASSED] - navigateToUrl("http://127.0.0.1:8000/"): Navigate to 'http://127.0.0.1:8000/' successfully

13-11-2024T16:35:39 - [MESSAGE][PASSED] - Navigate to 'http://127.0.0.1:8000/' successfully

13-11-2024T16:35:39 - [TEST_STEP][PASSED] - click(findTestObject("Object Repository/Login/Page_StudyBuddy - Find study partners aroun_c50df5/Page_StudyBuddy - Find study partners aroun_c50df5/p_Login")): Object: 'Object Repository/Login/Page_StudyBuddy - Find study partners aroun_c50df5/Page_StudyBuddy - Find study partners aroun_c50df5/p_Login' is clicked on

13-11-2024T16:35:45 - [MESSAGE][PASSED] - Object: 'Object Repository/Login/Page_StudyBuddy - Find study partners aroun_c50df5/Page_StudyBuddy - Find study partners aroun_c50df5/p_Login' is clicked on

13-11-2024T16:35:45 - [TEST_STEP][PASSED] - currentUrl = getUrl(): Current window's url is: 'http://127.0.0.1:8000/login/'

13-11-2024T16:35:45 - [MESSAGE][PASSED] - Current window's url is: 'http://127.0.0.1:8000/login/'

13-11-2024T16:35:45 - [TEST_STEP][PASSED] - println("URL saat ini: " + currentUrl): null

13-11-2024T16:35:45 - [TEST_STEP][PASSED] - if (currentUrl != "http://127.0.0.1:8000/login/"): null

13-11-2024T16:35:45 - [TEST_STEP][PASSED] - else: URL sesuai dengan yang diharapkan

13-11-2024T16:35:45 - [TEST_STEP][PASSED] - markPassed("URL sesuai dengan yang diharapkan"): URL sesuai dengan yang diharapkan

13-11-2024T16:35:45 - [MESSAGE][PASSED] - URL sesuai dengan yang diharapkan

13-11-2024T16:35:45 - [TEST_STEP][PASSED] - setText(findTestObject("Object Repository/Login/Page_StudyBuddy - Find study partners aroun_c50df5/Page_StudyBuddy - Find study partners aroun_c50df5/input_Email_email"), "antmart@mail.com"): Text 'antmart@mail.com' is set on object 'Object Repository/Login/Page_StudyBuddy - Find study partners aroun_c50df5/Page_StudyBuddy - Find study partners aroun_c50df5/input_Email_email'

13-11-2024T16:35:49 - [MESSAGE][PASSED] - Text 'antmart@mail.com' is set on object 'Object Repository/Login/Page_StudyBuddy - Find study partners aroun_c50df5/Page_StudyBuddy - Find study partners aroun_c50df5/input_Email_email'

13-11-2024T16:35:49 - [TEST_STEP][PASSED] - setEncryptedText(findTestObject("Object Repository/Login/Page_StudyBuddy - Find study partners aroun_c50df5/Page_StudyBuddy - Find study partners aroun_c50df5/input_Password_password"), "N7njEIPCK84UCSsA1L+SSQ=="): Text ****** has been set on object 'Object Repository/Login/Page_StudyBuddy - Find study partners aroun_c50df5/Page_StudyBuddy - Find study partners aroun_c50df5/input_Password_password'

13-11-2024T16:35:50 - [MESSAGE][PASSED] - Text ****** has been set on object 'Object Repository/Login/Page_StudyBuddy - Find study partners aroun_c50df5/Page_StudyBuddy - Find study partners aroun_c50df5/input_Password_password'

13-11-2024T16:35:50 - [TEST_STEP][PASSED] - click(findTestObject("Object Repository/Login/Page_StudyBuddy - Find study partners aroun_c50df5/Page_StudyBuddy - Find study partners aroun_c50df5/button_lock                                _9fa546")): Object: 'Object Repository/Login/Page_StudyBuddy - Find study partners aroun_c50df5/Page_StudyBuddy - Find study partners aroun_c50df5/button_lock                                _9fa546' is clicked on

13-11-2024T16:35:53 - [MESSAGE][PASSED] - Object: 'Object Repository/Login/Page_StudyBuddy - Find study partners aroun_c50df5/Page_StudyBuddy - Find study partners aroun_c50df5/button_lock                                _9fa546' is clicked on

13-11-2024T16:35:53 - [TEST_STEP][PASSED] - verifyElementPresent(findTestObject("Login/Page_StudyBuddy - Find study partners aroun_c50df5/Page_StudyBuddy - Find study partners around the world/p_arthonymart arthonymart"), 0): Object 'Object Repository/Login/Page_StudyBuddy - Find study partners aroun_c50df5/Page_StudyBuddy - Find study partners around the world/p_arthonymart arthonymart' is present

13-11-2024T16:35:54 - [MESSAGE][WARNING] - Timeout '0' is invalid. Using default page load timeout: '30'

13-11-2024T16:35:55 - [MESSAGE][PASSED] - Object 'Object Repository/Login/Page_StudyBuddy - Find study partners aroun_c50df5/Page_StudyBuddy - Find study partners around the world/p_arthonymart arthonymart' is present

13-11-2024T16:35:55 - [MESSAGE][PASSED] - Call Test Case 'Test Cases/Login/TC0001 - Login Positive' successfully

13-11-2024T16:35:55 - [TEST_STEP][FAILED] - verifyElementVisible(findTestObject("Room Section/Page_StudyBuddy - Find study partners around the world/a_First Laravel")): Unable to verify object 'Object Repository/Room Section/Page_StudyBuddy - Find study partners around the world/a_First Laravel' is visible (Root cause: com.kms.katalon.core.exception.StepFailedException: Unable to verify object 'Object Repository/Room Section/Page_StudyBuddy - Find study partners around the world/a_First Laravel' is visible
	at com.kms.katalon.core.webui.keyword.internal.WebUIKeywordMain.stepFailed(WebUIKeywordMain.groovy:64)
	at com.kms.katalon.core.webui.keyword.internal.WebUIKeywordMain.runKeyword(WebUIKeywordMain.groovy:26)
	at com.kms.katalon.core.webui.keyword.builtin.VerifyElementVisibleKeyword.verifyElementVisible(VerifyElementVisibleKeyword.groovy:97)
	at com.kms.katalon.core.webui.keyword.builtin.VerifyElementVisibleKeyword.execute(VerifyElementVisibleKeyword.groovy:67)
	at com.kms.katalon.core.keyword.internal.KeywordExecutor.executeKeywordForPlatform(KeywordExecutor.groovy:74)
	at com.kms.katalon.core.webui.keyword.WebUiBuiltInKeywords.verifyElementVisible(WebUiBuiltInKeywords.groovy:415)
	at TC0005 - Write comment.run(TC0005 - Write comment:23)
	at com.kms.katalon.core.main.ScriptEngine.run(ScriptEngine.java:194)
	at com.kms.katalon.core.main.ScriptEngine.runScriptAsRawText(ScriptEngine.java:119)
	at com.kms.katalon.core.main.TestCaseExecutor.runScript(TestCaseExecutor.java:448)
	at com.kms.katalon.core.main.TestCaseExecutor.doExecute(TestCaseExecutor.java:439)
	at com.kms.katalon.core.main.TestCaseExecutor.processExecutionPhase(TestCaseExecutor.java:418)
	at com.kms.katalon.core.main.TestCaseExecutor.accessMainPhase(TestCaseExecutor.java:410)
	at com.kms.katalon.core.main.TestCaseExecutor.execute(TestCaseExecutor.java:285)
	at com.kms.katalon.core.common.CommonExecutor.accessTestCaseMainPhase(CommonExecutor.java:65)
	at com.kms.katalon.core.main.TestSuiteExecutor.accessTestSuiteMainPhase(TestSuiteExecutor.java:148)
	at com.kms.katalon.core.main.TestSuiteExecutor.execute(TestSuiteExecutor.java:106)
	at com.kms.katalon.core.main.TestCaseMain.startTestSuite(TestCaseMain.java:180)
	at TempTestSuite1731490334109.run(TempTestSuite1731490334109.groovy:35)
	at java.base/jdk.internal.reflect.NativeMethodAccessorImpl.invoke0(Native Method)
	at java.base/jdk.internal.reflect.NativeMethodAccessorImpl.invoke(NativeMethodAccessorImpl.java:77)
	at java.base/jdk.internal.reflect.DelegatingMethodAccessorImpl.invoke(DelegatingMethodAccessorImpl.java:43)
Caused by: com.kms.katalon.core.exception.StepFailedException: Web element with id: 'Object Repository/Room Section/Page_StudyBuddy - Find study partners around the world/a_First Laravel' located by '//a[contains(text(),'First Laravel')]' not found
	at com.kms.katalon.core.webui.keyword.internal.WebUIKeywordMain.stepFailed(WebUIKeywordMain.groovy:64)
	at com.kms.katalon.core.webui.keyword.builtin.VerifyElementVisibleKeyword$_verifyElementVisible_closure1.doCall(VerifyElementVisibleKeyword.groovy:89)
	at com.kms.katalon.core.webui.keyword.builtin.VerifyElementVisibleKeyword$_verifyElementVisible_closure1.call(VerifyElementVisibleKeyword.groovy)
	at com.kms.katalon.core.webui.keyword.internal.WebUIKeywordMain.runKeyword(WebUIKeywordMain.groovy:20)
	... 20 more
)

13-11-2024T16:36:27 - [MESSAGE][INFO] - Unable to find the element located by 'By.xpath: //*[@href = '/room/26/' and (text() = 'First Laravel' or . = 'First Laravel')]'. Please recheck the objects properties to make sure the desired element is located. 

13-11-2024T16:36:27 - [MESSAGE][FAILED] - Web element with id: 'Object Repository/Room Section/Page_StudyBuddy - Find study partners around the world/a_First Laravel' located by '//a[contains(text(),'First Laravel')]' not found (Root cause: com.kms.katalon.core.exception.StepFailedException: Web element with id: 'Object Repository/Room Section/Page_StudyBuddy - Find study partners around the world/a_First Laravel' located by '//a[contains(text(),'First Laravel')]' not found
	at com.kms.katalon.core.webui.keyword.internal.WebUIKeywordMain.stepFailed(WebUIKeywordMain.groovy:64)
	at com.kms.katalon.core.webui.keyword.builtin.VerifyElementVisibleKeyword$_verifyElementVisible_closure1.doCall(VerifyElementVisibleKeyword.groovy:89)
	at com.kms.katalon.core.webui.keyword.builtin.VerifyElementVisibleKeyword$_verifyElementVisible_closure1.call(VerifyElementVisibleKeyword.groovy)
	at com.kms.katalon.core.webui.keyword.internal.WebUIKeywordMain.runKeyword(WebUIKeywordMain.groovy:20)
	at com.kms.katalon.core.webui.keyword.builtin.VerifyElementVisibleKeyword.verifyElementVisible(VerifyElementVisibleKeyword.groovy:97)
	at com.kms.katalon.core.webui.keyword.builtin.VerifyElementVisibleKeyword.execute(VerifyElementVisibleKeyword.groovy:67)
	at com.kms.katalon.core.keyword.internal.KeywordExecutor.executeKeywordForPlatform(KeywordExecutor.groovy:74)
	at com.kms.katalon.core.webui.keyword.WebUiBuiltInKeywords.verifyElementVisible(WebUiBuiltInKeywords.groovy:415)
	at TC0005 - Write comment.run(TC0005 - Write comment:23)
	at com.kms.katalon.core.main.ScriptEngine.run(ScriptEngine.java:194)
	at com.kms.katalon.core.main.ScriptEngine.runScriptAsRawText(ScriptEngine.java:119)
	at com.kms.katalon.core.main.TestCaseExecutor.runScript(TestCaseExecutor.java:448)
	at com.kms.katalon.core.main.TestCaseExecutor.doExecute(TestCaseExecutor.java:439)
	at com.kms.katalon.core.main.TestCaseExecutor.processExecutionPhase(TestCaseExecutor.java:418)
	at com.kms.katalon.core.main.TestCaseExecutor.accessMainPhase(TestCaseExecutor.java:410)
	at com.kms.katalon.core.main.TestCaseExecutor.execute(TestCaseExecutor.java:285)
	at com.kms.katalon.core.common.CommonExecutor.accessTestCaseMainPhase(CommonExecutor.java:65)
	at com.kms.katalon.core.main.TestSuiteExecutor.accessTestSuiteMainPhase(TestSuiteExecutor.java:148)
	at com.kms.katalon.core.main.TestSuiteExecutor.execute(TestSuiteExecutor.java:106)
	at com.kms.katalon.core.main.TestCaseMain.startTestSuite(TestCaseMain.java:180)
	at TempTestSuite1731490334109.run(TempTestSuite1731490334109.groovy:35)
	at java.base/jdk.internal.reflect.NativeMethodAccessorImpl.invoke0(Native Method)
	at java.base/jdk.internal.reflect.NativeMethodAccessorImpl.invoke(NativeMethodAccessorImpl.java:77)
	at java.base/jdk.internal.reflect.DelegatingMethodAccessorImpl.invoke(DelegatingMethodAccessorImpl.java:43)
)
[[ATTACHMENT|C:\\Users\\Edy\\Katalon Studio\\Study Buddy Web Django\\Reports\\20241113_163214\\Study Buddy Web Test\\20241113_163214\\1731490587045.png]]

13-11-2024T16:36:28 - [MESSAGE][FAILED] - Unable to verify object 'Object Repository/Room Section/Page_StudyBuddy - Find study partners around the world/a_First Laravel' is visible (Root cause: com.kms.katalon.core.exception.StepFailedException: Unable to verify object 'Object Repository/Room Section/Page_StudyBuddy - Find study partners around the world/a_First Laravel' is visible
	at com.kms.katalon.core.webui.keyword.internal.WebUIKeywordMain.stepFailed(WebUIKeywordMain.groovy:64)
	at com.kms.katalon.core.webui.keyword.internal.WebUIKeywordMain.runKeyword(WebUIKeywordMain.groovy:26)
	at com.kms.katalon.core.webui.keyword.builtin.VerifyElementVisibleKeyword.verifyElementVisible(VerifyElementVisibleKeyword.groovy:97)
	at com.kms.katalon.core.webui.keyword.builtin.VerifyElementVisibleKeyword.execute(VerifyElementVisibleKeyword.groovy:67)
	at com.kms.katalon.core.keyword.internal.KeywordExecutor.executeKeywordForPlatform(KeywordExecutor.groovy:74)
	at com.kms.katalon.core.webui.keyword.WebUiBuiltInKeywords.verifyElementVisible(WebUiBuiltInKeywords.groovy:415)
	at TC0005 - Write comment.run(TC0005 - Write comment:23)
	at com.kms.katalon.core.main.ScriptEngine.run(ScriptEngine.java:194)
	at com.kms.katalon.core.main.ScriptEngine.runScriptAsRawText(ScriptEngine.java:119)
	at com.kms.katalon.core.main.TestCaseExecutor.runScript(TestCaseExecutor.java:448)
	at com.kms.katalon.core.main.TestCaseExecutor.doExecute(TestCaseExecutor.java:439)
	at com.kms.katalon.core.main.TestCaseExecutor.processExecutionPhase(TestCaseExecutor.java:418)
	at com.kms.katalon.core.main.TestCaseExecutor.accessMainPhase(TestCaseExecutor.java:410)
	at com.kms.katalon.core.main.TestCaseExecutor.execute(TestCaseExecutor.java:285)
	at com.kms.katalon.core.common.CommonExecutor.accessTestCaseMainPhase(CommonExecutor.java:65)
	at com.kms.katalon.core.main.TestSuiteExecutor.accessTestSuiteMainPhase(TestSuiteExecutor.java:148)
	at com.kms.katalon.core.main.TestSuiteExecutor.execute(TestSuiteExecutor.java:106)
	at com.kms.katalon.core.main.TestCaseMain.startTestSuite(TestCaseMain.java:180)
	at TempTestSuite1731490334109.run(TempTestSuite1731490334109.groovy:35)
	at java.base/jdk.internal.reflect.NativeMethodAccessorImpl.invoke0(Native Method)
	at java.base/jdk.internal.reflect.NativeMethodAccessorImpl.invoke(NativeMethodAccessorImpl.java:77)
	at java.base/jdk.internal.reflect.DelegatingMethodAccessorImpl.invoke(DelegatingMethodAccessorImpl.java:43)
Caused by: com.kms.katalon.core.exception.StepFailedException: Web element with id: 'Object Repository/Room Section/Page_StudyBuddy - Find study partners around the world/a_First Laravel' located by '//a[contains(text(),'First Laravel')]' not found
	at com.kms.katalon.core.webui.keyword.internal.WebUIKeywordMain.stepFailed(WebUIKeywordMain.groovy:64)
	at com.kms.katalon.core.webui.keyword.builtin.VerifyElementVisibleKeyword$_verifyElementVisible_closure1.doCall(VerifyElementVisibleKeyword.groovy:89)
	at com.kms.katalon.core.webui.keyword.builtin.VerifyElementVisibleKeyword$_verifyElementVisible_closure1.call(VerifyElementVisibleKeyword.groovy)
	at com.kms.katalon.core.webui.keyword.internal.WebUIKeywordMain.runKeyword(WebUIKeywordMain.groovy:20)
	... 20 more
)
[[ATTACHMENT|C:\\Users\\Edy\\Katalon Studio\\Study Buddy Web Django\\Reports\\20241113_163214\\Study Buddy Web Test\\20241113_163214\\1731490587912.png]]]]></system-out>
         <system-err><![CDATA[13-11-2024T16:35:15 - [TEST_CASE][FAILED] - Test Cases/Room Section/TC0005 - Write comment: Test Cases/Room Section/TC0005 - Write comment FAILED.
Reason:
com.kms.katalon.core.exception.StepFailedException: Unable to verify object 'Object Repository/Room Section/Page_StudyBuddy - Find study partners around the world/a_First Laravel' is visible
	at com.kms.katalon.core.webui.keyword.internal.WebUIKeywordMain.stepFailed(WebUIKeywordMain.groovy:64)
	at com.kms.katalon.core.webui.keyword.internal.WebUIKeywordMain.runKeyword(WebUIKeywordMain.groovy:26)
	at com.kms.katalon.core.webui.keyword.builtin.VerifyElementVisibleKeyword.verifyElementVisible(VerifyElementVisibleKeyword.groovy:97)
	at com.kms.katalon.core.webui.keyword.builtin.VerifyElementVisibleKeyword.execute(VerifyElementVisibleKeyword.groovy:67)
	at com.kms.katalon.core.keyword.internal.KeywordExecutor.executeKeywordForPlatform(KeywordExecutor.groovy:74)
	at com.kms.katalon.core.webui.keyword.WebUiBuiltInKeywords.verifyElementVisible(WebUiBuiltInKeywords.groovy:415)
	at TC0005 - Write comment.run(TC0005 - Write comment:23)
	at com.kms.katalon.core.main.ScriptEngine.run(ScriptEngine.java:194)
	at com.kms.katalon.core.main.ScriptEngine.runScriptAsRawText(ScriptEngine.java:119)
	at com.kms.katalon.core.main.TestCaseExecutor.runScript(TestCaseExecutor.java:448)
	at com.kms.katalon.core.main.TestCaseExecutor.doExecute(TestCaseExecutor.java:439)
	at com.kms.katalon.core.main.TestCaseExecutor.processExecutionPhase(TestCaseExecutor.java:418)
	at com.kms.katalon.core.main.TestCaseExecutor.accessMainPhase(TestCaseExecutor.java:410)
	at com.kms.katalon.core.main.TestCaseExecutor.execute(TestCaseExecutor.java:285)
	at com.kms.katalon.core.common.CommonExecutor.accessTestCaseMainPhase(CommonExecutor.java:65)
	at com.kms.katalon.core.main.TestSuiteExecutor.accessTestSuiteMainPhase(TestSuiteExecutor.java:148)
	at com.kms.katalon.core.main.TestSuiteExecutor.execute(TestSuiteExecutor.java:106)
	at com.kms.katalon.core.main.TestCaseMain.startTestSuite(TestCaseMain.java:180)
	at TempTestSuite1731490334109.run(TempTestSuite1731490334109.groovy:35)
	at java.base/jdk.internal.reflect.NativeMethodAccessorImpl.invoke0(Native Method)
	at java.base/jdk.internal.reflect.NativeMethodAccessorImpl.invoke(NativeMethodAccessorImpl.java:77)
	at java.base/jdk.internal.reflect.DelegatingMethodAccessorImpl.invoke(DelegatingMethodAccessorImpl.java:43)
Caused by: com.kms.katalon.core.exception.StepFailedException: Web element with id: 'Object Repository/Room Section/Page_StudyBuddy - Find study partners around the world/a_First Laravel' located by '//a[contains(text(),'First Laravel')]' not found
	at com.kms.katalon.core.webui.keyword.internal.WebUIKeywordMain.stepFailed(WebUIKeywordMain.groovy:64)
	at com.kms.katalon.core.webui.keyword.builtin.VerifyElementVisibleKeyword$_verifyElementVisible_closure1.doCall(VerifyElementVisibleKeyword.groovy:89)
	at com.kms.katalon.core.webui.keyword.builtin.VerifyElementVisibleKeyword$_verifyElementVisible_closure1.call(VerifyElementVisibleKeyword.groovy)
	at com.kms.katalon.core.webui.keyword.internal.WebUIKeywordMain.runKeyword(WebUIKeywordMain.groovy:20)
	... 20 more]]></system-err>
      </testcase>
      <testcase name="Test Cases/Profile/TC0004 - Edit Profile" time="64.422" classname="Test Cases/Profile/TC0004 - Edit Profile" status="PASSED">
         <system-out><![CDATA[13-11-2024T16:36:28 - [TEST_CASE][PASSED] - Test Cases/Profile/TC0004 - Edit Profile: Test Cases/Profile/TC0004 - Edit Profile

13-11-2024T16:36:31 - [TEST_STEP][PASSED] - callTestCase(findTestCase("Login/TC0001 - Login Positive"), [:], STOP_ON_FAILURE): Call Test Case 'Test Cases/Login/TC0001 - Login Positive' successfully

13-11-2024T16:36:31 - [TEST_CASE][PASSED] - Test Cases/Login/TC0001 - Login Positive: Test Cases/Login/TC0001 - Login Positive

13-11-2024T16:36:31 - [TEST_STEP][PASSED] - openBrowser(""): Browser is opened with url: ''

13-11-2024T16:36:31 - [MESSAGE][WARNING] - A browser is already opened. Closing browser and opening a new one

13-11-2024T16:36:42 - [MESSAGE][INFO] - Starting 'Firefox' driver

13-11-2024T16:36:42 - [MESSAGE][INFO] - Action delay is set to 0 milliseconds

13-11-2024T16:36:56 - [MESSAGE][PASSED] - Browser is opened with url: ''

13-11-2024T16:36:56 - [TEST_STEP][PASSED] - navigateToUrl("http://127.0.0.1:8000/"): Navigate to 'http://127.0.0.1:8000/' successfully

13-11-2024T16:37:05 - [MESSAGE][PASSED] - Navigate to 'http://127.0.0.1:8000/' successfully

13-11-2024T16:37:05 - [TEST_STEP][PASSED] - click(findTestObject("Object Repository/Login/Page_StudyBuddy - Find study partners aroun_c50df5/Page_StudyBuddy - Find study partners aroun_c50df5/p_Login")): Object: 'Object Repository/Login/Page_StudyBuddy - Find study partners aroun_c50df5/Page_StudyBuddy - Find study partners aroun_c50df5/p_Login' is clicked on

13-11-2024T16:37:09 - [MESSAGE][PASSED] - Object: 'Object Repository/Login/Page_StudyBuddy - Find study partners aroun_c50df5/Page_StudyBuddy - Find study partners aroun_c50df5/p_Login' is clicked on

13-11-2024T16:37:09 - [TEST_STEP][PASSED] - currentUrl = getUrl(): Current window's url is: 'http://127.0.0.1:8000/login/'

13-11-2024T16:37:09 - [MESSAGE][PASSED] - Current window's url is: 'http://127.0.0.1:8000/login/'

13-11-2024T16:37:09 - [TEST_STEP][PASSED] - println("URL saat ini: " + currentUrl): null

13-11-2024T16:37:09 - [TEST_STEP][PASSED] - if (currentUrl != "http://127.0.0.1:8000/login/"): null

13-11-2024T16:37:09 - [TEST_STEP][PASSED] - else: URL sesuai dengan yang diharapkan

13-11-2024T16:37:09 - [TEST_STEP][PASSED] - markPassed("URL sesuai dengan yang diharapkan"): URL sesuai dengan yang diharapkan

13-11-2024T16:37:09 - [MESSAGE][PASSED] - URL sesuai dengan yang diharapkan

13-11-2024T16:37:09 - [TEST_STEP][PASSED] - setText(findTestObject("Object Repository/Login/Page_StudyBuddy - Find study partners aroun_c50df5/Page_StudyBuddy - Find study partners aroun_c50df5/input_Email_email"), "antmart@mail.com"): Text 'antmart@mail.com' is set on object 'Object Repository/Login/Page_StudyBuddy - Find study partners aroun_c50df5/Page_StudyBuddy - Find study partners aroun_c50df5/input_Email_email'

13-11-2024T16:37:11 - [MESSAGE][PASSED] - Text 'antmart@mail.com' is set on object 'Object Repository/Login/Page_StudyBuddy - Find study partners aroun_c50df5/Page_StudyBuddy - Find study partners aroun_c50df5/input_Email_email'

13-11-2024T16:37:11 - [TEST_STEP][PASSED] - setEncryptedText(findTestObject("Object Repository/Login/Page_StudyBuddy - Find study partners aroun_c50df5/Page_StudyBuddy - Find study partners aroun_c50df5/input_Password_password"), "N7njEIPCK84UCSsA1L+SSQ=="): Text ****** has been set on object 'Object Repository/Login/Page_StudyBuddy - Find study partners aroun_c50df5/Page_StudyBuddy - Find study partners aroun_c50df5/input_Password_password'

13-11-2024T16:37:12 - [MESSAGE][PASSED] - Text ****** has been set on object 'Object Repository/Login/Page_StudyBuddy - Find study partners aroun_c50df5/Page_StudyBuddy - Find study partners aroun_c50df5/input_Password_password'

13-11-2024T16:37:12 - [TEST_STEP][PASSED] - click(findTestObject("Object Repository/Login/Page_StudyBuddy - Find study partners aroun_c50df5/Page_StudyBuddy - Find study partners aroun_c50df5/button_lock                                _9fa546")): Object: 'Object Repository/Login/Page_StudyBuddy - Find study partners aroun_c50df5/Page_StudyBuddy - Find study partners aroun_c50df5/button_lock                                _9fa546' is clicked on

13-11-2024T16:37:18 - [MESSAGE][PASSED] - Object: 'Object Repository/Login/Page_StudyBuddy - Find study partners aroun_c50df5/Page_StudyBuddy - Find study partners aroun_c50df5/button_lock                                _9fa546' is clicked on

13-11-2024T16:37:18 - [TEST_STEP][PASSED] - verifyElementPresent(findTestObject("Login/Page_StudyBuddy - Find study partners aroun_c50df5/Page_StudyBuddy - Find study partners around the world/p_arthonymart arthonymart"), 0): Object 'Object Repository/Login/Page_StudyBuddy - Find study partners aroun_c50df5/Page_StudyBuddy - Find study partners around the world/p_arthonymart arthonymart' is present

13-11-2024T16:37:19 - [MESSAGE][WARNING] - Timeout '0' is invalid. Using default page load timeout: '30'

13-11-2024T16:37:19 - [MESSAGE][PASSED] - Object 'Object Repository/Login/Page_StudyBuddy - Find study partners aroun_c50df5/Page_StudyBuddy - Find study partners around the world/p_arthonymart arthonymart' is present

13-11-2024T16:37:19 - [MESSAGE][PASSED] - Call Test Case 'Test Cases/Login/TC0001 - Login Positive' successfully

13-11-2024T16:37:20 - [TEST_STEP][PASSED] - findWebElement(findTestObject("Profile page/Page_StudyBuddy - Find study partners around the world/div_arthonymart arthonymart                                                                            chevron-down"), 0): Found web element by test object Object Repository/Profile page/Page_StudyBuddy - Find study partners around the world/div_arthonymart arthonymart                                                                            chevron-down

13-11-2024T16:37:21 - [MESSAGE][WARNING] - Timeout '0' is invalid. Using default page load timeout: '30'

13-11-2024T16:37:21 - [MESSAGE][PASSED] - Found web element by test object Object Repository/Profile page/Page_StudyBuddy - Find study partners around the world/div_arthonymart arthonymart                                                                            chevron-down

13-11-2024T16:37:21 - [TEST_STEP][PASSED] - verifyElementPresent(findTestObject("Profile page/Page_StudyBuddy - Find study partners around the world/button_chevron-down"), 0): Object 'Object Repository/Profile page/Page_StudyBuddy - Find study partners around the world/button_chevron-down' is present

13-11-2024T16:37:22 - [MESSAGE][WARNING] - Timeout '0' is invalid. Using default page load timeout: '30'

13-11-2024T16:37:22 - [MESSAGE][PASSED] - Object 'Object Repository/Profile page/Page_StudyBuddy - Find study partners around the world/button_chevron-down' is present

13-11-2024T16:37:22 - [TEST_STEP][PASSED] - click(findTestObject("Profile page/Page_StudyBuddy - Find study partners around the world/button_chevron-down")): Object: 'Object Repository/Profile page/Page_StudyBuddy - Find study partners around the world/button_chevron-down' is clicked on

13-11-2024T16:37:24 - [MESSAGE][PASSED] - Object: 'Object Repository/Profile page/Page_StudyBuddy - Find study partners around the world/button_chevron-down' is clicked on

13-11-2024T16:37:24 - [TEST_STEP][PASSED] - click(findTestObject("Profile page/Page_StudyBuddy - Find study partners around the world/a_tools                                                                                        Settings")): Object: 'Object Repository/Profile page/Page_StudyBuddy - Find study partners around the world/a_tools                                                                                        Settings' is clicked on

13-11-2024T16:37:25 - [MESSAGE][PASSED] - Object: 'Object Repository/Profile page/Page_StudyBuddy - Find study partners around the world/a_tools                                                                                        Settings' is clicked on

13-11-2024T16:37:25 - [TEST_STEP][PASSED] - currentUrl = getUrl(): Current window's url is: 'http://127.0.0.1:8000/update-user/'

13-11-2024T16:37:25 - [MESSAGE][PASSED] - Current window's url is: 'http://127.0.0.1:8000/update-user/'

13-11-2024T16:37:25 - [TEST_STEP][PASSED] - println("URL saat ini: " + currentUrl): null

13-11-2024T16:37:25 - [TEST_STEP][PASSED] - if (currentUrl != "http://127.0.0.1:8000/update-user/"): null

13-11-2024T16:37:25 - [TEST_STEP][PASSED] - else: URL sesuai dengan yang diharapkan

13-11-2024T16:37:25 - [TEST_STEP][PASSED] - markPassed("URL sesuai dengan yang diharapkan"): URL sesuai dengan yang diharapkan

13-11-2024T16:37:26 - [MESSAGE][PASSED] - URL sesuai dengan yang diharapkan

13-11-2024T16:37:26 - [TEST_STEP][PASSED] - verifyElementText(findTestObject("Profile page/Page_StudyBuddy - Find study partners around the world/label_Bio"), "Bio"): Actual text and expected text of test object 'Object Repository/Profile page/Page_StudyBuddy - Find study partners around the world/label_Bio' are matched.

13-11-2024T16:37:26 - [MESSAGE][PASSED] - Actual text and expected text of test object 'Object Repository/Profile page/Page_StudyBuddy - Find study partners around the world/label_Bio' are matched.

13-11-2024T16:37:26 - [TEST_STEP][PASSED] - findWebElement(findTestObject("Page_StudyBuddy - Find study partners around the world/textarea_tester"), 0): Found web element by test object Object Repository/Page_StudyBuddy - Find study partners around the world/textarea_tester

13-11-2024T16:37:27 - [MESSAGE][WARNING] - Timeout '0' is invalid. Using default page load timeout: '30'

13-11-2024T16:37:27 - [MESSAGE][PASSED] - Found web element by test object Object Repository/Page_StudyBuddy - Find study partners around the world/textarea_tester

13-11-2024T16:37:27 - [TEST_STEP][PASSED] - clearText(findTestObject("Page_StudyBuddy - Find study partners around the world/textarea_tester")): Text of object 'Object Repository/Page_StudyBuddy - Find study partners around the world/textarea_tester' is cleared

13-11-2024T16:37:28 - [MESSAGE][PASSED] - Text of object 'Object Repository/Page_StudyBuddy - Find study partners around the world/textarea_tester' is cleared

13-11-2024T16:37:28 - [TEST_STEP][PASSED] - setText(findTestObject("Page_StudyBuddy - Find study partners around the world/textarea_tester"), "Allobank Laravel"): Text 'Allobank Laravel' is set on object 'Object Repository/Page_StudyBuddy - Find study partners around the world/textarea_tester'

13-11-2024T16:37:28 - [MESSAGE][PASSED] - Text 'Allobank Laravel' is set on object 'Object Repository/Page_StudyBuddy - Find study partners around the world/textarea_tester'

13-11-2024T16:37:28 - [TEST_STEP][PASSED] - findWebElement(findTestObject("Profile page/Page_StudyBuddy - Find study partners around the world/button_Update"), 0): Found web element by test object Object Repository/Profile page/Page_StudyBuddy - Find study partners around the world/button_Update

13-11-2024T16:37:28 - [MESSAGE][WARNING] - Timeout '0' is invalid. Using default page load timeout: '30'

13-11-2024T16:37:29 - [MESSAGE][PASSED] - Found web element by test object Object Repository/Profile page/Page_StudyBuddy - Find study partners around the world/button_Update

13-11-2024T16:37:29 - [TEST_STEP][PASSED] - click(findTestObject("Profile page/Page_StudyBuddy - Find study partners around the world/button_Update")): Object: 'Object Repository/Profile page/Page_StudyBuddy - Find study partners around the world/button_Update' is clicked on

13-11-2024T16:37:30 - [MESSAGE][PASSED] - Object: 'Object Repository/Profile page/Page_StudyBuddy - Find study partners around the world/button_Update' is clicked on

13-11-2024T16:37:30 - [TEST_STEP][PASSED] - currentUrl1 = getUrl(): Current window's url is: 'http://127.0.0.1:8000/profile/6/'

13-11-2024T16:37:30 - [MESSAGE][PASSED] - Current window's url is: 'http://127.0.0.1:8000/profile/6/'

13-11-2024T16:37:30 - [TEST_STEP][PASSED] - println("URL saat ini: " + currentUrl1): null

13-11-2024T16:37:30 - [TEST_STEP][PASSED] - if (currentUrl1 != "http://127.0.0.1:8000/profile/6/"): null

13-11-2024T16:37:30 - [TEST_STEP][PASSED] - else: URL sesuai dengan yang diharapkan

13-11-2024T16:37:30 - [TEST_STEP][PASSED] - markPassed("URL sesuai dengan yang diharapkan"): URL sesuai dengan yang diharapkan

13-11-2024T16:37:30 - [MESSAGE][PASSED] - URL sesuai dengan yang diharapkan

13-11-2024T16:37:30 - [TEST_STEP][PASSED] - verifyElementText(findTestObject("Profile page/Page_StudyBuddy - Find study partners around the world/h3_About"), "ABOUT"): Actual text and expected text of test object 'Object Repository/Profile page/Page_StudyBuddy - Find study partners around the world/h3_About' are matched.

13-11-2024T16:37:32 - [MESSAGE][PASSED] - Actual text and expected text of test object 'Object Repository/Profile page/Page_StudyBuddy - Find study partners around the world/h3_About' are matched.

13-11-2024T16:37:32 - [TEST_STEP][PASSED] - verifyElementText(findTestObject("Profile page/Page_StudyBuddy - Find study partners around the world/p_Allobank Laravel"), "Allobank Laravel"): Actual text and expected text of test object 'Object Repository/Profile page/Page_StudyBuddy - Find study partners around the world/p_Allobank Laravel' are matched.

13-11-2024T16:37:32 - [MESSAGE][PASSED] - Actual text and expected text of test object 'Object Repository/Profile page/Page_StudyBuddy - Find study partners around the world/p_Allobank Laravel' are matched.]]></system-out>
         <system-err><![CDATA[]]></system-err>
      </testcase>
      <system-out><![CDATA[13-11-2024T16:32:38 - [TEST_SUITE][FAILED] - Study Buddy Web Test: Test Cases/Room Section/TC0005 - Write comment FAILED.
Reason:
com.kms.katalon.core.exception.StepFailedException: Unable to verify object 'Object Repository/Room Section/Page_StudyBuddy - Find study partners around the world/a_First Laravel' is visible
	at com.kms.katalon.core.webui.keyword.internal.WebUIKeywordMain.stepFailed(WebUIKeywordMain.groovy:64)
	at com.kms.katalon.core.webui.keyword.internal.WebUIKeywordMain.runKeyword(WebUIKeywordMain.groovy:26)
	at com.kms.katalon.core.webui.keyword.builtin.VerifyElementVisibleKeyword.verifyElementVisible(VerifyElementVisibleKeyword.groovy:97)
	at com.kms.katalon.core.webui.keyword.builtin.VerifyElementVisibleKeyword.execute(VerifyElementVisibleKeyword.groovy:67)
	at com.kms.katalon.core.keyword.internal.KeywordExecutor.executeKeywordForPlatform(KeywordExecutor.groovy:74)
	at com.kms.katalon.core.webui.keyword.WebUiBuiltInKeywords.verifyElementVisible(WebUiBuiltInKeywords.groovy:415)
	at TC0005 - Write comment.run(TC0005 - Write comment:23)
	at com.kms.katalon.core.main.ScriptEngine.run(ScriptEngine.java:194)
	at com.kms.katalon.core.main.ScriptEngine.runScriptAsRawText(ScriptEngine.java:119)
	at com.kms.katalon.core.main.TestCaseExecutor.runScript(TestCaseExecutor.java:448)
	at com.kms.katalon.core.main.TestCaseExecutor.doExecute(TestCaseExecutor.java:439)
	at com.kms.katalon.core.main.TestCaseExecutor.processExecutionPhase(TestCaseExecutor.java:418)
	at com.kms.katalon.core.main.TestCaseExecutor.accessMainPhase(TestCaseExecutor.java:410)
	at com.kms.katalon.core.main.TestCaseExecutor.execute(TestCaseExecutor.java:285)
	at com.kms.katalon.core.common.CommonExecutor.accessTestCaseMainPhase(CommonExecutor.java:65)
	at com.kms.katalon.core.main.TestSuiteExecutor.accessTestSuiteMainPhase(TestSuiteExecutor.java:148)
	at com.kms.katalon.core.main.TestSuiteExecutor.execute(TestSuiteExecutor.java:106)
	at com.kms.katalon.core.main.TestCaseMain.startTestSuite(TestCaseMain.java:180)
	at TempTestSuite1731490334109.run(TempTestSuite1731490334109.groovy:35)
	at java.base/jdk.internal.reflect.NativeMethodAccessorImpl.invoke0(Native Method)
	at java.base/jdk.internal.reflect.NativeMethodAccessorImpl.invoke(NativeMethodAccessorImpl.java:77)
	at java.base/jdk.internal.reflect.DelegatingMethodAccessorImpl.invoke(DelegatingMethodAccessorImpl.java:43)
Caused by: com.kms.katalon.core.exception.StepFailedException: Web element with id: 'Object Repository/Room Section/Page_StudyBuddy - Find study partners around the world/a_First Laravel' located by '//a[contains(text(),'First Laravel')]' not found
	at com.kms.katalon.core.webui.keyword.internal.WebUIKeywordMain.stepFailed(WebUIKeywordMain.groovy:64)
	at com.kms.katalon.core.webui.keyword.builtin.VerifyElementVisibleKeyword$_verifyElementVisible_closure1.doCall(VerifyElementVisibleKeyword.groovy:89)
	at com.kms.katalon.core.webui.keyword.builtin.VerifyElementVisibleKeyword$_verifyElementVisible_closure1.call(VerifyElementVisibleKeyword.groovy)
	at com.kms.katalon.core.webui.keyword.internal.WebUIKeywordMain.runKeyword(WebUIKeywordMain.groovy:20)
	... 20 more]]></system-out>
      <system-err><![CDATA[13-11-2024T16:32:38 - [TEST_SUITE][FAILED] - Study Buddy Web Test: Test Cases/Room Section/TC0005 - Write comment FAILED.
Reason:
com.kms.katalon.core.exception.StepFailedException: Unable to verify object 'Object Repository/Room Section/Page_StudyBuddy - Find study partners around the world/a_First Laravel' is visible
	at com.kms.katalon.core.webui.keyword.internal.WebUIKeywordMain.stepFailed(WebUIKeywordMain.groovy:64)
	at com.kms.katalon.core.webui.keyword.internal.WebUIKeywordMain.runKeyword(WebUIKeywordMain.groovy:26)
	at com.kms.katalon.core.webui.keyword.builtin.VerifyElementVisibleKeyword.verifyElementVisible(VerifyElementVisibleKeyword.groovy:97)
	at com.kms.katalon.core.webui.keyword.builtin.VerifyElementVisibleKeyword.execute(VerifyElementVisibleKeyword.groovy:67)
	at com.kms.katalon.core.keyword.internal.KeywordExecutor.executeKeywordForPlatform(KeywordExecutor.groovy:74)
	at com.kms.katalon.core.webui.keyword.WebUiBuiltInKeywords.verifyElementVisible(WebUiBuiltInKeywords.groovy:415)
	at TC0005 - Write comment.run(TC0005 - Write comment:23)
	at com.kms.katalon.core.main.ScriptEngine.run(ScriptEngine.java:194)
	at com.kms.katalon.core.main.ScriptEngine.runScriptAsRawText(ScriptEngine.java:119)
	at com.kms.katalon.core.main.TestCaseExecutor.runScript(TestCaseExecutor.java:448)
	at com.kms.katalon.core.main.TestCaseExecutor.doExecute(TestCaseExecutor.java:439)
	at com.kms.katalon.core.main.TestCaseExecutor.processExecutionPhase(TestCaseExecutor.java:418)
	at com.kms.katalon.core.main.TestCaseExecutor.accessMainPhase(TestCaseExecutor.java:410)
	at com.kms.katalon.core.main.TestCaseExecutor.execute(TestCaseExecutor.java:285)
	at com.kms.katalon.core.common.CommonExecutor.accessTestCaseMainPhase(CommonExecutor.java:65)
	at com.kms.katalon.core.main.TestSuiteExecutor.accessTestSuiteMainPhase(TestSuiteExecutor.java:148)
	at com.kms.katalon.core.main.TestSuiteExecutor.execute(TestSuiteExecutor.java:106)
	at com.kms.katalon.core.main.TestCaseMain.startTestSuite(TestCaseMain.java:180)
	at TempTestSuite1731490334109.run(TempTestSuite1731490334109.groovy:35)
	at java.base/jdk.internal.reflect.NativeMethodAccessorImpl.invoke0(Native Method)
	at java.base/jdk.internal.reflect.NativeMethodAccessorImpl.invoke(NativeMethodAccessorImpl.java:77)
	at java.base/jdk.internal.reflect.DelegatingMethodAccessorImpl.invoke(DelegatingMethodAccessorImpl.java:43)
Caused by: com.kms.katalon.core.exception.StepFailedException: Web element with id: 'Object Repository/Room Section/Page_StudyBuddy - Find study partners around the world/a_First Laravel' located by '//a[contains(text(),'First Laravel')]' not found
	at com.kms.katalon.core.webui.keyword.internal.WebUIKeywordMain.stepFailed(WebUIKeywordMain.groovy:64)
	at com.kms.katalon.core.webui.keyword.builtin.VerifyElementVisibleKeyword$_verifyElementVisible_closure1.doCall(VerifyElementVisibleKeyword.groovy:89)
	at com.kms.katalon.core.webui.keyword.builtin.VerifyElementVisibleKeyword$_verifyElementVisible_closure1.call(VerifyElementVisibleKeyword.groovy)
	at com.kms.katalon.core.webui.keyword.internal.WebUIKeywordMain.runKeyword(WebUIKeywordMain.groovy:20)
	... 20 more]]></system-err>
   </testsuite>
</testsuites>
